生成启动时间为 2020/9/23 10:22:17。
     1>项目“E:\计算机图形学实验\Ex_01_Draw\Ex_01_Draw\Ex_01_Draw.vcxproj”在节点 2 上(build 个目标)。
     1>PrepareForBuild:
         正在创建目录“E:\计算机图形学实验\Ex_01_Draw\Debug\”。
       InitializeBuildStatus:
         正在创建“Debug\Ex_01_Draw.unsuccessfulbuild”，因为已指定“AlwaysCreate”。
       ClCompile:
         D:\Program Files (x86)\Microsoft Visual Studio 10.0\VC\bin\CL.exe /c /ZI /nologo /W3 /WX- /Od /Oy- /D WIN32 /D _WINDOWS /D _DEBUG /D _UNICODE /D UNICODE /D _AFXDLL /Gm /EHsc /RTC1 /MDd /GS /fp:precise /Zc:wchar_t /Zc:forScope /Yc"StdAfx.h" /Fp"Debug\Ex_01_Draw.pch" /Fo"Debug\\" /Fd"Debug\vc100.pdb" /Gd /TP /analyze- /errorReport:prompt stdafx.cpp
         stdafx.cpp
         D:\Program Files (x86)\Microsoft Visual Studio 10.0\VC\bin\CL.exe /c /ZI /nologo /W3 /WX- /Od /Oy- /D WIN32 /D _WINDOWS /D _DEBUG /D _UNICODE /D UNICODE /D _AFXDLL /Gm /EHsc /RTC1 /MDd /GS /fp:precise /Zc:wchar_t /Zc:forScope /Yu"StdAfx.h" /Fp"Debug\Ex_01_Draw.pch" /Fo"Debug\\" /Fd"Debug\vc100.pdb" /Gd /TP /analyze- /errorReport:prompt Ex_01_Draw.cpp Ex_01_DrawDoc.cpp Ex_01_DrawView.cpp MainFrm.cpp
         MainFrm.cpp
         Ex_01_DrawView.cpp
         Ex_01_DrawDoc.cpp
         Ex_01_Draw.cpp
         正在生成代码...
       ResourceCompile:
         C:\Program Files (x86)\Microsoft SDKs\Windows\v7.0A\bin\rc.exe /D _DEBUG /D _UNICODE /D UNICODE /D _AFXDLL /l"0x0804" /IDebug\ /nologo /fo"Debug\Ex_01_Draw.res" Ex_01_Draw.rc 
       ManifestResourceCompile:
         C:\Program Files (x86)\Microsoft SDKs\Windows\v7.0A\bin\rc.exe /nologo /fo"Debug\Ex_01_Draw.exe.embed.manifest.res" Debug\Ex_01_Draw_manifest.rc 
       Link:
         D:\Program Files (x86)\Microsoft Visual Studio 10.0\VC\bin\link.exe /ERRORREPORT:PROMPT /OUT:"E:\计算机图形学实验\Ex_01_Draw\Debug\Ex_01_Draw.exe" /INCREMENTAL /NOLOGO /MANIFEST /ManifestFile:"Debug\Ex_01_Draw.exe.intermediate.manifest" /MANIFESTUAC:"level='asInvoker' uiAccess='false'" /DEBUG /PDB:"E:\计算机图形学实验\Ex_01_Draw\Debug\Ex_01_Draw.pdb" /SUBSYSTEM:WINDOWS /TLBID:1 /ENTRY:"wWinMainCRTStartup" /DYNAMICBASE /NXCOMPAT /IMPLIB:"E:\计算机图形学实验\Ex_01_Draw\Debug\Ex_01_Draw.lib" /MACHINE:X86 Debug\Ex_01_Draw.res
         Debug\Ex_01_Draw.exe.embed.manifest.res
         Debug\Ex_01_Draw.obj
         Debug\Ex_01_DrawDoc.obj
         Debug\Ex_01_DrawView.obj
         Debug\MainFrm.obj
         Debug\stdafx.obj
       Manifest:
         C:\Program Files (x86)\Microsoft SDKs\Windows\v7.0A\bin\mt.exe /nologo /verbose /out:"Debug\Ex_01_Draw.exe.embed.manifest" /manifest Debug\Ex_01_Draw.exe.intermediate.manifest "D:\Program Files (x86)\Microsoft Visual Studio 10.0\VC\Include\Manifest\dpiaware.manifest"
         C:\Program Files (x86)\Microsoft SDKs\Windows\v7.0A\bin\rc.exe /nologo /fo"Debug\Ex_01_Draw.exe.embed.manifest.res" Debug\Ex_01_Draw_manifest.rc 
       LinkEmbedManifest:
         D:\Program Files (x86)\Microsoft Visual Studio 10.0\VC\bin\link.exe /ERRORREPORT:PROMPT /OUT:"E:\计算机图形学实验\Ex_01_Draw\Debug\Ex_01_Draw.exe" /INCREMENTAL /NOLOGO /MANIFEST /ManifestFile:"Debug\Ex_01_Draw.exe.intermediate.manifest" /MANIFESTUAC:"level='asInvoker' uiAccess='false'" /DEBUG /PDB:"E:\计算机图形学实验\Ex_01_Draw\Debug\Ex_01_Draw.pdb" /SUBSYSTEM:WINDOWS /TLBID:1 /ENTRY:"wWinMainCRTStartup" /DYNAMICBASE /NXCOMPAT /IMPLIB:"E:\计算机图形学实验\Ex_01_Draw\Debug\Ex_01_Draw.lib" /MACHINE:X86 Debug\Ex_01_Draw.res
         Debug\Ex_01_Draw.exe.embed.manifest.res
         Debug\Ex_01_Draw.obj
         Debug\Ex_01_DrawDoc.obj
         Debug\Ex_01_DrawView.obj
         Debug\MainFrm.obj
         Debug\stdafx.obj
         Ex_01_Draw.vcxproj -> E:\计算机图形学实验\Ex_01_Draw\Debug\Ex_01_Draw.exe
       FinalizeBuildStatus:
         正在删除文件“Debug\Ex_01_Draw.unsuccessfulbuild”。
         正在对“Debug\Ex_01_Draw.lastbuildstate”执行 Touch 任务。
     1>已完成生成项目“E:\计算机图形学实验\Ex_01_Draw\Ex_01_Draw\Ex_01_Draw.vcxproj”(build 个目标)的操作。

生成成功。

已用时间 00:00:09.32
